2026-07-20 15:38:21,569 - uvicorn.error - INFO - Started server process [1]
2026-07-20 15:38:21,571 - uvicorn.error - INFO - Waiting for application startup.
2026-07-20 15:38:21,573 - uvicorn.error - INFO - Application startup complete.
2026-07-20 15:38:21,576 - uvicorn.error - INFO - Uvicorn running on http://0.0.0.0:8000 (Press CTRL+C to quit)
2026-07-20 15:39:58,680 - uvicorn.access - INFO - 172.18.0.1:56656 - "OPTIONS /api/v1/users/register HTTP/1.1" 200
2026-07-20 15:40:02,358 - sqlalchemy.engine.Engine - INFO - select pg_catalog.version()
2026-07-20 15:40:02,362 - sqlalchemy.engine.Engine - INFO - [raw sql] ()
2026-07-20 15:40:03,699 - sqlalchemy.engine.Engine - INFO - select current_schema()
2026-07-20 15:40:03,702 - sqlalchemy.engine.Engine - INFO - [raw sql] ()
2026-07-20 15:40:05,018 - sqlalchemy.engine.Engine - INFO - show standard_conforming_strings
2026-07-20 15:40:05,022 - sqlalchemy.engine.Engine - INFO - [raw sql] ()
2026-07-20 15:40:05,871 - sqlalchemy.engine.Engine - INFO - BEGIN (implicit)
2026-07-20 15:40:05,891 - sqlalchemy.engine.Engine - INFO - SELECT users.id, users.username, users.email, users.password_hash, users.created_at, users.updated_at, users.elo_rating, users.total_matches, users.wins 
FROM users 
WHERE users.email = $1::VARCHAR OR users.username = $2::VARCHAR
2026-07-20 15:40:05,893 - sqlalchemy.engine.Engine - INFO - [generated in 0.00174s] ('nikhil@gmail.com', 'nikhil singh')
2026-07-20 15:40:07,133 - sqlalchemy.engine.Engine - INFO - INSERT INTO users (id, username, email, password_hash, elo_rating, total_matches, wins) VALUES ($1::UUID, $2::VARCHAR, $3::VARCHAR, $4::VARCHAR, $5::INTEGER, $6::INTEGER, $7::INTEGER) RETURNING users.created_at, users.updated_at
2026-07-20 15:40:07,135 - sqlalchemy.engine.Engine - INFO - [generated in 0.00209s] (UUID('dad6da15-58f2-4032-a069-ce8a424ded4a'), 'nikhil singh', 'nikhil@gmail.com', '$2b$12$swTJaevyp8CYs27Lbjbu2.OvU2ifAYHphFMsy5W1ockshR1dfe.hW', 1200, 0, 0)
2026-07-20 15:40:07,784 - sqlalchemy.engine.Engine - INFO - COMMIT
2026-07-20 15:40:09,322 - sqlalchemy.engine.Engine - INFO - BEGIN (implicit)
2026-07-20 15:40:09,328 - sqlalchemy.engine.Engine - INFO - SELECT users.id, users.username, users.email, users.password_hash, users.created_at, users.updated_at, users.elo_rating, users.total_matches, users.wins 
FROM users 
WHERE users.id = $1::UUID
2026-07-20 15:40:09,330 - sqlalchemy.engine.Engine - INFO - [generated in 0.00233s] (UUID('dad6da15-58f2-4032-a069-ce8a424ded4a'),)
2026-07-20 15:40:10,245 - uvicorn.access - INFO - 172.18.0.1:56656 - "POST /api/v1/users/register HTTP/1.1" 200
2026-07-20 15:40:10,247 - sqlalchemy.engine.Engine - INFO - ROLLBACK
2026-07-20 15:40:31,339 - sqlalchemy.engine.Engine - INFO - BEGIN (implicit)
2026-07-20 15:40:31,344 - sqlalchemy.engine.Engine - INFO - SELECT users.id, users.username, users.email, users.password_hash, users.created_at, users.updated_at, users.elo_rating, users.total_matches, users.wins 
FROM users 
WHERE users.username = $1::VARCHAR
2026-07-20 15:40:31,347 - sqlalchemy.engine.Engine - INFO - [generated in 0.00318s] ('nikhil singh',)
2026-07-20 15:40:32,656 - uvicorn.access - INFO - 172.18.0.1:56668 - "POST /api/v1/auth/login HTTP/1.1" 200
2026-07-20 15:40:32,659 - sqlalchemy.engine.Engine - INFO - ROLLBACK
2026-07-20 15:40:32,711 - uvicorn.access - INFO - 172.18.0.1:56668 - "OPTIONS /api/v1/auth/me HTTP/1.1" 200
2026-07-20 15:40:36,969 - sqlalchemy.engine.Engine - INFO - BEGIN (implicit)
2026-07-20 15:40:36,976 - sqlalchemy.engine.Engine - INFO - SELECT users.id, users.username, users.email, users.password_hash, users.created_at, users.updated_at, users.elo_rating, users.total_matches, users.wins 
FROM users 
WHERE users.username = $1::VARCHAR
2026-07-20 15:40:36,978 - sqlalchemy.engine.Engine - INFO - [cached since 5.634s ago] ('nikhil singh',)
2026-07-20 15:40:38,416 - uvicorn.access - INFO - 172.18.0.1:56668 - "GET /api/v1/auth/me HTTP/1.1" 200
2026-07-20 15:40:38,423 - sqlalchemy.engine.Engine - INFO - ROLLBACK
2026-07-20 15:40:40,164 - uvicorn.access - INFO - 172.18.0.1:56668 - "OPTIONS /api/v1/auth/login HTTP/1.1" 200
2026-07-20 15:40:41,277 - sqlalchemy.engine.Engine - INFO - BEGIN (implicit)
2026-07-20 15:40:41,284 - sqlalchemy.engine.Engine - INFO - SELECT users.id, users.username, users.email, users.password_hash, users.created_at, users.updated_at, users.elo_rating, users.total_matches, users.wins 
FROM users 
WHERE users.username = $1::VARCHAR
2026-07-20 15:40:41,289 - sqlalchemy.engine.Engine - INFO - [cached since 9.945s ago] ('nikhil singh',)
2026-07-20 15:40:42,242 - uvicorn.access - INFO - 172.18.0.1:56668 - "POST /api/v1/auth/login HTTP/1.1" 200
2026-07-20 15:40:42,246 - sqlalchemy.engine.Engine - INFO - ROLLBACK
2026-07-20 15:40:43,531 - sqlalchemy.engine.Engine - INFO - BEGIN (implicit)
2026-07-20 15:40:43,534 - sqlalchemy.engine.Engine - INFO - SELECT users.id, users.username, users.email, users.password_hash, users.created_at, users.updated_at, users.elo_rating, users.total_matches, users.wins 
FROM users 
WHERE users.username = $1::VARCHAR
2026-07-20 15:40:43,537 - sqlalchemy.engine.Engine - INFO - [cached since 12.19s ago] ('nikhil singh',)
2026-07-20 15:40:44,344 - uvicorn.access - INFO - 172.18.0.1:56668 - "GET /api/v1/auth/me HTTP/1.1" 200
2026-07-20 15:40:44,346 - sqlalchemy.engine.Engine - INFO - ROLLBACK
2026-07-20 15:41:04,029 - uvicorn.access - INFO - 172.18.0.1:50798 - "OPTIONS /api/v1/users/register HTTP/1.1" 200
2026-07-20 15:41:05,110 - sqlalchemy.engine.Engine - INFO - BEGIN (implicit)
2026-07-20 15:41:05,118 - sqlalchemy.engine.Engine - INFO - SELECT users.id, users.username, users.email, users.password_hash, users.created_at, users.updated_at, users.elo_rating, users.total_matches, users.wins 
FROM users 
WHERE users.email = $1::VARCHAR OR users.username = $2::VARCHAR
2026-07-20 15:41:05,121 - sqlalchemy.engine.Engine - INFO - [cached since 59.23s ago] ('neha@gmail.com', 'neha singh')
2026-07-20 15:41:06,171 - sqlalchemy.engine.Engine - INFO - INSERT INTO users (id, username, email, password_hash, elo_rating, total_matches, wins) VALUES ($1::UUID, $2::VARCHAR, $3::VARCHAR, $4::VARCHAR, $5::INTEGER, $6::INTEGER, $7::INTEGER) RETURNING users.created_at, users.updated_at
2026-07-20 15:41:06,181 - sqlalchemy.engine.Engine - INFO - [cached since 59.05s ago] (UUID('3665d6b6-46d5-42f0-b93c-735035303e75'), 'neha singh', 'neha@gmail.com', '$2b$12$hLOMBlw6OBSC8COyUAsWgeUurdf458LsmxwY5RWPXqY1QpgcwkW02', 1200, 0, 0)
2026-07-20 15:41:06,460 - sqlalchemy.engine.Engine - INFO - COMMIT
2026-07-20 15:41:07,790 - sqlalchemy.engine.Engine - INFO - BEGIN (implicit)
2026-07-20 15:41:07,795 - sqlalchemy.engine.Engine - INFO - SELECT users.id, users.username, users.email, users.password_hash, users.created_at, users.updated_at, users.elo_rating, users.total_matches, users.wins 
FROM users 
WHERE users.id = $1::UUID
2026-07-20 15:41:07,799 - sqlalchemy.engine.Engine - INFO - [cached since 58.48s ago] (UUID('3665d6b6-46d5-42f0-b93c-735035303e75'),)
2026-07-20 15:41:08,819 - uvicorn.access - INFO - 172.18.0.1:50798 - "POST /api/v1/users/register HTTP/1.1" 200
2026-07-20 15:41:08,824 - sqlalchemy.engine.Engine - INFO - ROLLBACK
2026-07-20 15:41:11,478 - sqlalchemy.engine.Engine - INFO - BEGIN (implicit)
2026-07-20 15:41:11,482 - sqlalchemy.engine.Engine - INFO - SELECT users.id, users.username, users.email, users.password_hash, users.created_at, users.updated_at, users.elo_rating, users.total_matches, users.wins 
FROM users 
WHERE users.username = $1::VARCHAR
2026-07-20 15:41:11,484 - sqlalchemy.engine.Engine - INFO - [cached since 40.14s ago] ('neha singh',)
2026-07-20 15:41:12,362 - uvicorn.access - INFO - 172.18.0.1:50798 - "POST /api/v1/auth/login HTTP/1.1" 200
2026-07-20 15:41:12,371 - sqlalchemy.engine.Engine - INFO - ROLLBACK
2026-07-20 15:41:12,388 - uvicorn.access - INFO - 172.18.0.1:50798 - "OPTIONS /api/v1/auth/me HTTP/1.1" 200
2026-07-20 15:41:13,322 - sqlalchemy.engine.Engine - INFO - BEGIN (implicit)
2026-07-20 15:41:13,330 - sqlalchemy.engine.Engine - INFO - SELECT users.id, users.username, users.email, users.password_hash, users.created_at, users.updated_at, users.elo_rating, users.total_matches, users.wins 
FROM users 
WHERE users.username = $1::VARCHAR
2026-07-20 15:41:13,334 - sqlalchemy.engine.Engine - INFO - [cached since 41.99s ago] ('neha singh',)
2026-07-20 15:41:14,038 - uvicorn.access - INFO - 172.18.0.1:50802 - "GET /api/v1/auth/me HTTP/1.1" 200
2026-07-20 15:41:14,042 - sqlalchemy.engine.Engine - INFO - ROLLBACK
2026-07-20 15:41:21,861 - uvicorn.error - INFO - ('172.18.0.1', 60166) - "WebSocket /ws?token=eyJhbGciOiJIUzI1NiIsInR5cCI6IkpXVCJ9.eyJleHAiOjE3ODQ1NjM4NzIsInN1YiI6Im5laGEgc2luZ2gifQ.-9tngrzdVDz2iSjhDlTKXKyJg2ZnWDVUHD4FDkYfmpo" [accepted]
2026-07-20 15:41:21,865 - app.api.websocket - INFO - Decoding WebSocket token: eyJhbGciOiJIUzI... with secret: cha...
2026-07-20 15:41:21,871 - uvicorn.error - INFO - connection open
2026-07-20 15:41:22,856 - sqlalchemy.engine.Engine - INFO - BEGIN (implicit)
2026-07-20 15:41:22,865 - sqlalchemy.engine.Engine - INFO - SELECT users.id, users.username, users.email, users.password_hash, users.created_at, users.updated_at, users.elo_rating, users.total_matches, users.wins 
FROM users 
WHERE users.username = $1::VARCHAR
2026-07-20 15:41:22,869 - sqlalchemy.engine.Engine - INFO - [cached since 51.53s ago] ('neha singh',)
2026-07-20 15:41:23,570 - app.services.websocket_manager - INFO - User 3665d6b6-46d5-42f0-b93c-735035303e75 connected via WebSocket
2026-07-20 15:41:23,583 - app.services.matchmaking_service - INFO - User 3665d6b6-46d5-42f0-b93c-735035303e75 added to queue easy
2026-07-20 15:41:31,841 - uvicorn.error - INFO - ('172.18.0.1', 42074) - "WebSocket /ws?token=eyJhbGciOiJIUzI1NiIsInR5cCI6IkpXVCJ9.eyJleHAiOjE3ODQ1NjM4NDIsInN1YiI6Im5pa2hpbCBzaW5naCJ9.wyJuGEVTXpYstBYF-6vSPVP42rW5v-cGkekvJ3BNGPI" [accepted]
2026-07-20 15:41:31,846 - app.api.websocket - INFO - Decoding WebSocket token: eyJhbGciOiJIUzI... with secret: cha...
2026-07-20 15:41:31,852 - uvicorn.error - INFO - connection open
2026-07-20 15:41:32,773 - sqlalchemy.engine.Engine - INFO - BEGIN (implicit)
2026-07-20 15:41:32,782 - sqlalchemy.engine.Engine - INFO - SELECT users.id, users.username, users.email, users.password_hash, users.created_at, users.updated_at, users.elo_rating, users.total_matches, users.wins 
FROM users 
WHERE users.username = $1::VARCHAR
2026-07-20 15:41:32,787 - sqlalchemy.engine.Engine - INFO - [cached since 61.45s ago] ('nikhil singh',)
2026-07-20 15:41:33,609 - app.services.websocket_manager - INFO - User dad6da15-58f2-4032-a069-ce8a424ded4a connected via WebSocket
2026-07-20 15:41:33,618 - app.services.matchmaking_service - INFO - User dad6da15-58f2-4032-a069-ce8a424ded4a added to queue easy
2026-07-20 15:41:33,628 - sqlalchemy.engine.Engine - INFO - SELECT questions.id, questions.title, questions.slug, questions.description, questions.difficulty, questions.avg_solve_time, questions.acceptance_rate, questions.tags, questions.constraints, questions.examples, questions.created_at 
FROM questions 
WHERE questions.difficulty = $1::VARCHAR ORDER BY random() 
 LIMIT $2::INTEGER
2026-07-20 15:41:33,632 - sqlalchemy.engine.Engine - INFO - [generated in 0.00441s] ('easy', 1)
2026-07-20 15:41:34,293 - sqlalchemy.engine.Engine - INFO - INSERT INTO matches (id, question_id, mode, difficulty, max_time, status, started_at, completed_at, winner_id) VALUES ($1::UUID, $2::UUID, $3::VARCHAR, $4::VARCHAR, $5::INTEGER, $6::VARCHAR, $7::TIMESTAMP WITH TIME ZONE, $8::TIMESTAMP WITH TIME ZONE, $9::UUID) RETURNING matches.created_at
2026-07-20 15:41:34,300 - sqlalchemy.engine.Engine - INFO - [generated in 0.00778s] (UUID('eb17c97c-dd22-44ad-994a-b9eadcdd769a'), UUID('2da07f57-31b4-493a-be61-3a8df4e44650'), 'competitive', 'easy', 1800, 'active', datetime.datetime(2026, 7, 20, 15, 41, 34, 289889, tzinfo=datetime.timezone.utc), None, None)
2026-07-20 15:41:35,036 - sqlalchemy.engine.Engine - INFO - INSERT INTO match_participants (id, match_id, user_id, completed_at, result, solution_code, language, execution_time, memory_used, test_cases_passed, total_test_cases) VALUES ($1::UUID, $2::UUID, $3::UUID, $4::TIMESTAMP WITH TIME ZONE, $5::VARCHAR, $ ... 204 characters truncated ... ::INTEGER, $21::INTEGER, $22::INTEGER) RETURNING match_participants.joined_at, match_participants.id
2026-07-20 15:41:35,042 - sqlalchemy.engine.Engine - INFO - [generated in 0.00030s (insertmanyvalues) 1/1 (ordered)] (UUID('c0e157e0-04cc-4399-a1dc-915df44514b3'), UUID('eb17c97c-dd22-44ad-994a-b9eadcdd769a'), UUID('3665d6b6-46d5-42f0-b93c-735035303e75'), None, None, None, None, None, None, None, None, UUID('26854905-9ca4-483c-835c-a356b7e46d8c'), UUID('eb17c97c-dd22-44ad-994a-b9eadcdd769a'), UUID('dad6da15-58f2-4032-a069-ce8a424ded4a'), None, None, None, None, None, None, None, None)
2026-07-20 15:41:35,749 - sqlalchemy.engine.Engine - INFO - COMMIT
2026-07-20 15:41:37,188 - sqlalchemy.engine.Engine - INFO - BEGIN (implicit)
2026-07-20 15:41:37,193 - sqlalchemy.engine.Engine - INFO - SELECT matches.id, matches.question_id, matches.mode, matches.difficulty, matches.max_time, matches.status, matches.started_at, matches.completed_at, matches.winner_id, matches.created_at 
FROM matches 
WHERE matches.id = $1::UUID
2026-07-20 15:41:37,197 - sqlalchemy.engine.Engine - INFO - [generated in 0.00451s] (UUID('eb17c97c-dd22-44ad-994a-b9eadcdd769a'),)
2026-07-20 15:41:41,236 - app.services.websocket_manager - INFO - User dad6da15-58f2-4032-a069-ce8a424ded4a disconnected
2026-07-20 15:41:41,239 - uvicorn.error - INFO - connection closed
2026-07-20 15:41:41,241 - sqlalchemy.engine.Engine - INFO - ROLLBACK
2026-07-20 15:41:41,243 - app.services.websocket_manager - INFO - User 3665d6b6-46d5-42f0-b93c-735035303e75 disconnected
2026-07-20 15:41:41,245 - uvicorn.error - INFO - connection closed
2026-07-20 15:41:41,248 - sqlalchemy.engine.Engine - INFO - ROLLBACK
2026-07-20 15:41:41,322 - uvicorn.error - INFO - ('172.18.0.1', 37700) - "WebSocket /ws?token=eyJhbGciOiJIUzI1NiIsInR5cCI6IkpXVCJ9.eyJleHAiOjE3ODQ1NjM4NDIsInN1YiI6Im5pa2hpbCBzaW5naCJ9.wyJuGEVTXpYstBYF-6vSPVP42rW5v-cGkekvJ3BNGPI" [accepted]
2026-07-20 15:41:41,324 - app.api.websocket - INFO - Decoding WebSocket token: eyJhbGciOiJIUzI... with secret: cha...
2026-07-20 15:41:41,327 - uvicorn.error - INFO - connection open
2026-07-20 15:41:41,334 - uvicorn.access - INFO - 172.18.0.1:37712 - "OPTIONS /api/v1/matches/eb17c97c-dd22-44ad-994a-b9eadcdd769a HTTP/1.1" 200
2026-07-20 15:41:41,340 - uvicorn.access - INFO - 172.18.0.1:37720 - "OPTIONS /api/v1/matches/eb17c97c-dd22-44ad-994a-b9eadcdd769a HTTP/1.1" 200
2026-07-20 15:41:41,342 - uvicorn.access - INFO - 172.18.0.1:37738 - "OPTIONS /api/v1/matches/eb17c97c-dd22-44ad-994a-b9eadcdd769a HTTP/1.1" 200
2026-07-20 15:41:41,344 - uvicorn.error - INFO - ('172.18.0.1', 37736) - "WebSocket /ws?token=eyJhbGciOiJIUzI1NiIsInR5cCI6IkpXVCJ9.eyJleHAiOjE3ODQ1NjM4NzIsInN1YiI6Im5laGEgc2luZ2gifQ.-9tngrzdVDz2iSjhDlTKXKyJg2ZnWDVUHD4FDkYfmpo" [accepted]
2026-07-20 15:41:41,347 - app.api.websocket - INFO - Decoding WebSocket token: eyJhbGciOiJIUzI... with secret: cha...
2026-07-20 15:41:41,350 - uvicorn.error - INFO - connection open
2026-07-20 15:41:41,356 - uvicorn.access - INFO - 172.18.0.1:37746 - "OPTIONS /api/v1/matches/eb17c97c-dd22-44ad-994a-b9eadcdd769a HTTP/1.1" 200
2026-07-20 15:41:41,538 - uvicorn.error - ERROR - Exception in ASGI application
Traceback (most recent call last):
  File "/app/app/api/websocket.py", line 128, in websocket_endpoint
    data = await websocket.receive_text()
           ^^^^^^^^^^^^^^^^^^^^^^^^^^^^^^
  File "/usr/local/lib/python3.11/site-packages/starlette/websockets.py", line 113, in receive_text
    self._raise_on_disconnect(message)
  File "/usr/local/lib/python3.11/site-packages/starlette/websockets.py", line 105, in _raise_on_disconnect
    raise WebSocketDisconnect(message["code"])
starlette.websockets.WebSocketDisconnect: 1005

During handling of the above exception, another exception occurred:

Traceback (most recent call last):
  File "/usr/local/lib/python3.11/site-packages/uvicorn/protocols/websockets/websockets_impl.py", line 255, in run_asgi
    result = await self.app(self.scope, self.asgi_receive, self.asgi_send)
             ^^^^^^^^^^^^^^^^^^^^^^^^^^^^^^^^^^^^^^^^^^^^^^^^^^^^^^^^^^^^^
  File "/usr/local/lib/python3.11/site-packages/uvicorn/middleware/proxy_headers.py", line 84, in __call__
    return await self.app(scope, receive, send)
           ^^^^^^^^^^^^^^^^^^^^^^^^^^^^^^^^^^^^
  File "/usr/local/lib/python3.11/site-packages/fastapi/applications.py", line 292, in __call__
    await super().__call__(scope, receive, send)
  File "/usr/local/lib/python3.11/site-packages/starlette/applications.py", line 122, in __call__
    await self.middleware_stack(scope, receive, send)
  File "/usr/local/lib/python3.11/site-packages/starlette/middleware/errors.py", line 149, in __call__
    await self.app(scope, receive, send)
  File "/usr/local/lib/python3.11/site-packages/starlette/middleware/cors.py", line 75, in __call__
    await self.app(scope, receive, send)
  File "/usr/local/lib/python3.11/site-packages/starlette/middleware/exceptions.py", line 79, in __call__
    raise exc
  File "/usr/local/lib/python3.11/site-packages/starlette/middleware/exceptions.py", line 68, in __call__
    await self.app(scope, receive, sender)
  File "/usr/local/lib/python3.11/site-packages/fastapi/middleware/asyncexitstack.py", line 20, in __call__
    raise e
  File "/usr/local/lib/python3.11/site-packages/fastapi/middleware/asyncexitstack.py", line 17, in __call__
    await self.app(scope, receive, send)
  File "/usr/local/lib/python3.11/site-packages/starlette/routing.py", line 718, in __call__
    await route.handle(scope, receive, send)
  File "/usr/local/lib/python3.11/site-packages/starlette/routing.py", line 341, in handle
    await self.app(scope, receive, send)
  File "/usr/local/lib/python3.11/site-packages/starlette/routing.py", line 82, in app
    await func(session)
  File "/usr/local/lib/python3.11/site-packages/fastapi/routing.py", line 324, in app
    await dependant.call(**values)
  File "/app/app/api/websocket.py", line 296, in websocket_endpoint
    match_query = select(Match).where(Match.id == uuid.UUID(match_id)).options(selectinload(Match.participants))
                  ^^^^^^
UnboundLocalError: cannot access local variable 'select' where it is not associated with a value
2026-07-20 15:41:41,554 - uvicorn.error - ERROR - Exception in ASGI application
Traceback (most recent call last):
  File "/app/app/api/websocket.py", line 128, in websocket_endpoint
    data = await websocket.receive_text()
           ^^^^^^^^^^^^^^^^^^^^^^^^^^^^^^
  File "/usr/local/lib/python3.11/site-packages/starlette/websockets.py", line 113, in receive_text
    self._raise_on_disconnect(message)
  File "/usr/local/lib/python3.11/site-packages/starlette/websockets.py", line 105, in _raise_on_disconnect
    raise WebSocketDisconnect(message["code"])
starlette.websockets.WebSocketDisconnect: 1005

During handling of the above exception, another exception occurred:

Traceback (most recent call last):
  File "/usr/local/lib/python3.11/site-packages/uvicorn/protocols/websockets/websockets_impl.py", line 255, in run_asgi
    result = await self.app(self.scope, self.asgi_receive, self.asgi_send)
             ^^^^^^^^^^^^^^^^^^^^^^^^^^^^^^^^^^^^^^^^^^^^^^^^^^^^^^^^^^^^^
  File "/usr/local/lib/python3.11/site-packages/uvicorn/middleware/proxy_headers.py", line 84, in __call__
    return await self.app(scope, receive, send)
           ^^^^^^^^^^^^^^^^^^^^^^^^^^^^^^^^^^^^
  File "/usr/local/lib/python3.11/site-packages/fastapi/applications.py", line 292, in __call__
    await super().__call__(scope, receive, send)
  File "/usr/local/lib/python3.11/site-packages/starlette/applications.py", line 122, in __call__
    await self.middleware_stack(scope, receive, send)
  File "/usr/local/lib/python3.11/site-packages/starlette/middleware/errors.py", line 149, in __call__
    await self.app(scope, receive, send)
  File "/usr/local/lib/python3.11/site-packages/starlette/middleware/cors.py", line 75, in __call__
    await self.app(scope, receive, send)
  File "/usr/local/lib/python3.11/site-packages/starlette/middleware/exceptions.py", line 79, in __call__
    raise exc
  File "/usr/local/lib/python3.11/site-packages/starlette/middleware/exceptions.py", line 68, in __call__
    await self.app(scope, receive, sender)
  File "/usr/local/lib/python3.11/site-packages/fastapi/middleware/asyncexitstack.py", line 20, in __call__
    raise e
  File "/usr/local/lib/python3.11/site-packages/fastapi/middleware/asyncexitstack.py", line 17, in __call__
    await self.app(scope, receive, send)
  File "/usr/local/lib/python3.11/site-packages/starlette/routing.py", line 718, in __call__
    await route.handle(scope, receive, send)
  File "/usr/local/lib/python3.11/site-packages/starlette/routing.py", line 341, in handle
    await self.app(scope, receive, send)
  File "/usr/local/lib/python3.11/site-packages/starlette/routing.py", line 82, in app
    await func(session)
  File "/usr/local/lib/python3.11/site-packages/fastapi/routing.py", line 324, in app
    await dependant.call(**values)
  File "/app/app/api/websocket.py", line 296, in websocket_endpoint
    match_query = select(Match).where(Match.id == uuid.UUID(match_id)).options(selectinload(Match.participants))
                  ^^^^^^
UnboundLocalError: cannot access local variable 'select' where it is not associated with a value
2026-07-20 15:41:44,969 - sqlalchemy.engine.Engine - INFO - BEGIN (implicit)
2026-07-20 15:41:44,974 - sqlalchemy.engine.Engine - INFO - SELECT users.id, users.username, users.email, users.password_hash, users.created_at, users.updated_at, users.elo_rating, users.total_matches, users.wins 
FROM users 
WHERE users.username = $1::VARCHAR
2026-07-20 15:41:44,979 - sqlalchemy.engine.Engine - INFO - [cached since 73.64s ago] ('neha singh',)
2026-07-20 15:41:44,987 - sqlalchemy.engine.Engine - INFO - BEGIN (implicit)
2026-07-20 15:41:44,989 - sqlalchemy.engine.Engine - INFO - SELECT users.id, users.username, users.email, users.password_hash, users.created_at, users.updated_at, users.elo_rating, users.total_matches, users.wins 
FROM users 
WHERE users.username = $1::VARCHAR
2026-07-20 15:41:44,992 - sqlalchemy.engine.Engine - INFO - [cached since 73.66s ago] ('nikhil singh',)
2026-07-20 15:41:44,995 - sqlalchemy.engine.Engine - INFO - BEGIN (implicit)
2026-07-20 15:41:44,998 - sqlalchemy.engine.Engine - INFO - SELECT users.id, users.username, users.email, users.password_hash, users.created_at, users.updated_at, users.elo_rating, users.total_matches, users.wins 
FROM users 
WHERE users.username = $1::VARCHAR
2026-07-20 15:41:45,001 - sqlalchemy.engine.Engine - INFO - [cached since 73.66s ago] ('nikhil singh',)
2026-07-20 15:41:45,004 - sqlalchemy.engine.Engine - INFO - BEGIN (implicit)
2026-07-20 15:41:45,008 - sqlalchemy.engine.Engine - INFO - SELECT users.id, users.username, users.email, users.password_hash, users.created_at, users.updated_at, users.elo_rating, users.total_matches, users.wins 
FROM users 
WHERE users.username = $1::VARCHAR
2026-07-20 15:41:45,011 - sqlalchemy.engine.Engine - INFO - [cached since 73.67s ago] ('neha singh',)
2026-07-20 15:41:46,294 - app.services.websocket_manager - INFO - User dad6da15-58f2-4032-a069-ce8a424ded4a connected via WebSocket
2026-07-20 15:41:46,302 - sqlalchemy.engine.Engine - INFO - SELECT matches.id, matches.question_id, matches.mode, matches.difficulty, matches.max_time, matches.status, matches.started_at, matches.completed_at, matches.winner_id, matches.created_at 
FROM matches 
WHERE matches.id = $1::UUID
2026-07-20 15:41:46,304 - sqlalchemy.engine.Engine - INFO - [generated in 0.00289s] ('eb17c97c-dd22-44ad-994a-b9eadcdd769a',)
2026-07-20 15:41:46,321 - sqlalchemy.engine.Engine - INFO - SELECT matches.id, matches.question_id, matches.mode, matches.difficulty, matches.max_time, matches.status, matches.started_at, matches.completed_at, matches.winner_id, matches.created_at 
FROM matches 
WHERE matches.id = $1::UUID
2026-07-20 15:41:46,324 - sqlalchemy.engine.Engine - INFO - [generated in 0.00283s] ('eb17c97c-dd22-44ad-994a-b9eadcdd769a',)
2026-07-20 15:41:46,328 - sqlalchemy.engine.Engine - INFO - SELECT matches.id, matches.question_id, matches.mode, matches.difficulty, matches.max_time, matches.status, matches.started_at, matches.completed_at, matches.winner_id, matches.created_at 
FROM matches 
WHERE matches.id = $1::UUID
2026-07-20 15:41:46,334 - sqlalchemy.engine.Engine - INFO - [cached since 0.0126s ago] ('eb17c97c-dd22-44ad-994a-b9eadcdd769a',)
2026-07-20 15:41:46,337 - app.services.websocket_manager - INFO - User 3665d6b6-46d5-42f0-b93c-735035303e75 connected via WebSocket
2026-07-20 15:41:46,339 - sqlalchemy.engine.Engine - INFO - SELECT matches.id, matches.question_id, matches.mode, matches.difficulty, matches.max_time, matches.status, matches.started_at, matches.completed_at, matches.winner_id, matches.created_at 
FROM matches 
WHERE matches.id = $1::UUID
2026-07-20 15:41:46,341 - sqlalchemy.engine.Engine - INFO - [cached since 0.03949s ago] ('eb17c97c-dd22-44ad-994a-b9eadcdd769a',)
2026-07-20 15:41:47,122 - sqlalchemy.engine.Engine - INFO - SELECT match_participants.match_id AS match_participants_match_id, match_participants.id AS match_participants_id, match_participants.user_id AS match_participants_user_id, match_participants.joined_at AS match_participants_joined_at, match_participants.completed_at AS match_participants_completed_at, match_participants.result AS match_participants_result, match_participants.solution_code AS match_participants_solution_code, match_participants.language AS match_participants_language, match_participants.execution_time AS match_participants_execution_time, match_participants.memory_used AS match_participants_memory_used, match_participants.test_cases_passed AS match_participants_test_cases_passed, match_participants.total_test_cases AS match_participants_total_test_cases 
FROM match_participants 
WHERE match_participants.match_id IN ($1::UUID)
2026-07-20 15:41:47,126 - sqlalchemy.engine.Engine - INFO - [generated in 0.00456s] (UUID('eb17c97c-dd22-44ad-994a-b9eadcdd769a'),)
2026-07-20 15:41:47,132 - sqlalchemy.engine.Engine - INFO - SELECT match_participants.match_id AS match_participants_match_id, match_participants.id AS match_participants_id, match_participants.user_id AS match_participants_user_id, match_participants.joined_at AS match_participants_joined_at, match_participants.completed_at AS match_participants_completed_at, match_participants.result AS match_participants_result, match_participants.solution_code AS match_participants_solution_code, match_participants.language AS match_participants_language, match_participants.execution_time AS match_participants_execution_time, match_participants.memory_used AS match_participants_memory_used, match_participants.test_cases_passed AS match_participants_test_cases_passed, match_participants.total_test_cases AS match_participants_total_test_cases 
FROM match_participants 
WHERE match_participants.match_id IN ($1::UUID)
2026-07-20 15:41:47,135 - sqlalchemy.engine.Engine - INFO - [cached since 0.01349s ago] (UUID('eb17c97c-dd22-44ad-994a-b9eadcdd769a'),)
2026-07-20 15:41:47,853 - sqlalchemy.engine.Engine - INFO - SELECT questions.id AS questions_id, questions.title AS questions_title, questions.slug AS questions_slug, questions.description AS questions_description, questions.difficulty AS questions_difficulty, questions.avg_solve_time AS questions_avg_solve_time, questions.acceptance_rate AS questions_acceptance_rate, questions.tags AS questions_tags, questions.constraints AS questions_constraints, questions.examples AS questions_examples, questions.created_at AS questions_created_at 
FROM questions 
WHERE questions.id IN ($1::UUID)
2026-07-20 15:41:47,867 - sqlalchemy.engine.Engine - INFO - [generated in 0.01429s] (UUID('2da07f57-31b4-493a-be61-3a8df4e44650'),)
2026-07-20 15:41:47,874 - sqlalchemy.engine.Engine - INFO - SELECT questions.id AS questions_id, questions.title AS questions_title, questions.slug AS questions_slug, questions.description AS questions_description, questions.difficulty AS questions_difficulty, questions.avg_solve_time AS questions_avg_solve_time, questions.acceptance_rate AS questions_acceptance_rate, questions.tags AS questions_tags, questions.constraints AS questions_constraints, questions.examples AS questions_examples, questions.created_at AS questions_created_at 
FROM questions 
WHERE questions.id IN ($1::UUID)
2026-07-20 15:41:47,876 - sqlalchemy.engine.Engine - INFO - [cached since 0.02346s ago] (UUID('2da07f57-31b4-493a-be61-3a8df4e44650'),)
2026-07-20 15:41:48,573 - sqlalchemy.engine.Engine - INFO - SELECT test_cases.question_id AS test_cases_question_id, test_cases.id AS test_cases_id, test_cases.input AS test_cases_input, test_cases.expected_output AS test_cases_expected_output, test_cases.is_hidden AS test_cases_is_hidden, test_cases.is_sample AS test_cases_is_sample, test_cases.execution_order AS test_cases_execution_order 
FROM test_cases 
WHERE test_cases.question_id IN ($1::UUID)
2026-07-20 15:41:48,576 - sqlalchemy.engine.Engine - INFO - [generated in 0.00355s] (UUID('2da07f57-31b4-493a-be61-3a8df4e44650'),)
2026-07-20 15:41:48,580 - sqlalchemy.engine.Engine - INFO - SELECT test_cases.question_id AS test_cases_question_id, test_cases.id AS test_cases_id, test_cases.input AS test_cases_input, test_cases.expected_output AS test_cases_expected_output, test_cases.is_hidden AS test_cases_is_hidden, test_cases.is_sample AS test_cases_is_sample, test_cases.execution_order AS test_cases_execution_order 
FROM test_cases 
WHERE test_cases.question_id IN ($1::UUID)
2026-07-20 15:41:48,583 - sqlalchemy.engine.Engine - INFO - [cached since 0.01011s ago] (UUID('2da07f57-31b4-493a-be61-3a8df4e44650'),)
2026-07-20 15:41:49,279 - sqlalchemy.engine.Engine - INFO - SELECT code_templates.question_id AS code_templates_question_id, code_templates.id AS code_templates_id, code_templates.language AS code_templates_language, code_templates.template_code AS code_templates_template_code, code_templates.starter_code AS code_templates_starter_code 
FROM code_templates 
WHERE code_templates.question_id IN ($1::UUID)
2026-07-20 15:41:49,283 - sqlalchemy.engine.Engine - INFO - [generated in 0.00514s] (UUID('2da07f57-31b4-493a-be61-3a8df4e44650'),)
2026-07-20 15:41:49,288 - sqlalchemy.engine.Engine - INFO - SELECT code_templates.question_id AS code_templates_question_id, code_templates.id AS code_templates_id, code_templates.language AS code_templates_language, code_templates.template_code AS code_templates_template_code, code_templates.starter_code AS code_templates_starter_code 
FROM code_templates 
WHERE code_templates.question_id IN ($1::UUID)
2026-07-20 15:41:49,290 - sqlalchemy.engine.Engine - INFO - [cached since 0.01142s ago] (UUID('2da07f57-31b4-493a-be61-3a8df4e44650'),)
2026-07-20 15:41:49,988 - uvicorn.access - INFO - 172.18.0.1:37712 - "GET /api/v1/matches/eb17c97c-dd22-44ad-994a-b9eadcdd769a HTTP/1.1" 200
2026-07-20 15:41:49,993 - sqlalchemy.engine.Engine - INFO - ROLLBACK
2026-07-20 15:41:50,003 - uvicorn.access - INFO - 172.18.0.1:37720 - "GET /api/v1/matches/eb17c97c-dd22-44ad-994a-b9eadcdd769a HTTP/1.1" 200
2026-07-20 15:41:50,008 - sqlalchemy.engine.Engine - INFO - ROLLBACK
2026-07-20 15:41:50,889 - sqlalchemy.engine.Engine - INFO - BEGIN (implicit)
2026-07-20 15:41:50,892 - sqlalchemy.engine.Engine - INFO - SELECT users.id, users.username, users.email, users.password_hash, users.created_at, users.updated_at, users.elo_rating, users.total_matches, users.wins 
FROM users 
WHERE users.username = $1::VARCHAR
2026-07-20 15:41:50,894 - sqlalchemy.engine.Engine - INFO - [cached since 79.56s ago] ('neha singh',)
2026-07-20 15:41:50,900 - sqlalchemy.engine.Engine - INFO - BEGIN (implicit)
2026-07-20 15:41:50,903 - sqlalchemy.engine.Engine - INFO - SELECT users.id, users.username, users.email, users.password_hash, users.created_at, users.updated_at, users.elo_rating, users.total_matches, users.wins 
FROM users 
WHERE users.username = $1::VARCHAR
2026-07-20 15:41:50,905 - sqlalchemy.engine.Engine - INFO - [cached since 79.57s ago] ('nikhil singh',)
2026-07-20 15:41:51,554 - sqlalchemy.engine.Engine - INFO - SELECT matches.id, matches.question_id, matches.mode, matches.difficulty, matches.max_time, matches.status, matches.started_at, matches.completed_at, matches.winner_id, matches.created_at 
FROM matches 
WHERE matches.id = $1::UUID
2026-07-20 15:41:51,557 - sqlalchemy.engine.Engine - INFO - [cached since 5.235s ago] ('eb17c97c-dd22-44ad-994a-b9eadcdd769a',)
2026-07-20 15:41:51,562 - sqlalchemy.engine.Engine - INFO - SELECT matches.id, matches.question_id, matches.mode, matches.difficulty, matches.max_time, matches.status, matches.started_at, matches.completed_at, matches.winner_id, matches.created_at 
FROM matches 
WHERE matches.id = $1::UUID
2026-07-20 15:41:51,566 - sqlalchemy.engine.Engine - INFO - [cached since 5.244s ago] ('eb17c97c-dd22-44ad-994a-b9eadcdd769a',)
2026-07-20 15:41:51,838 - sqlalchemy.engine.Engine - INFO - SELECT match_participants.match_id AS match_participants_match_id, match_participants.id AS match_participants_id, match_participants.user_id AS match_participants_user_id, match_participants.joined_at AS match_participants_joined_at, match_participants.completed_at AS match_participants_completed_at, match_participants.result AS match_participants_result, match_participants.solution_code AS match_participants_solution_code, match_participants.language AS match_participants_language, match_participants.execution_time AS match_participants_execution_time, match_participants.memory_used AS match_participants_memory_used, match_participants.test_cases_passed AS match_participants_test_cases_passed, match_participants.total_test_cases AS match_participants_total_test_cases 
FROM match_participants 
WHERE match_participants.match_id IN ($1::UUID)
2026-07-20 15:41:51,841 - sqlalchemy.engine.Engine - INFO - [cached since 4.72s ago] (UUID('eb17c97c-dd22-44ad-994a-b9eadcdd769a'),)
2026-07-20 15:41:52,166 - sqlalchemy.engine.Engine - INFO - SELECT match_participants.match_id AS match_participants_match_id, match_participants.id AS match_participants_id, match_participants.user_id AS match_participants_user_id, match_participants.joined_at AS match_participants_joined_at, match_participants.completed_at AS match_participants_completed_at, match_participants.result AS match_participants_result, match_participants.solution_code AS match_participants_solution_code, match_participants.language AS match_participants_language, match_participants.execution_time AS match_participants_execution_time, match_participants.memory_used AS match_participants_memory_used, match_participants.test_cases_passed AS match_participants_test_cases_passed, match_participants.total_test_cases AS match_participants_total_test_cases 
FROM match_participants 
WHERE match_participants.match_id IN ($1::UUID)
2026-07-20 15:41:52,169 - sqlalchemy.engine.Engine - INFO - [cached since 5.047s ago] (UUID('eb17c97c-dd22-44ad-994a-b9eadcdd769a'),)
2026-07-20 15:41:52,439 - sqlalchemy.engine.Engine - INFO - SELECT questions.id AS questions_id, questions.title AS questions_title, questions.slug AS questions_slug, questions.description AS questions_description, questions.difficulty AS questions_difficulty, questions.avg_solve_time AS questions_avg_solve_time, questions.acceptance_rate AS questions_acceptance_rate, questions.tags AS questions_tags, questions.constraints AS questions_constraints, questions.examples AS questions_examples, questions.created_at AS questions_created_at 
FROM questions 
WHERE questions.id IN ($1::UUID)
2026-07-20 15:41:52,445 - sqlalchemy.engine.Engine - INFO - [cached since 4.592s ago] (UUID('2da07f57-31b4-493a-be61-3a8df4e44650'),)
2026-07-20 15:41:52,745 - sqlalchemy.engine.Engine - INFO - SELECT questions.id AS questions_id, questions.title AS questions_title, questions.slug AS questions_slug, questions.description AS questions_description, questions.difficulty AS questions_difficulty, questions.avg_solve_time AS questions_avg_solve_time, questions.acceptance_rate AS questions_acceptance_rate, questions.tags AS questions_tags, questions.constraints AS questions_constraints, questions.examples AS questions_examples, questions.created_at AS questions_created_at 
FROM questions 
WHERE questions.id IN ($1::UUID)
2026-07-20 15:41:52,751 - sqlalchemy.engine.Engine - INFO - [cached since 4.898s ago] (UUID('2da07f57-31b4-493a-be61-3a8df4e44650'),)
2026-07-20 15:41:53,034 - sqlalchemy.engine.Engine - INFO - SELECT test_cases.question_id AS test_cases_question_id, test_cases.id AS test_cases_id, test_cases.input AS test_cases_input, test_cases.expected_output AS test_cases_expected_output, test_cases.is_hidden AS test_cases_is_hidden, test_cases.is_sample AS test_cases_is_sample, test_cases.execution_order AS test_cases_execution_order 
FROM test_cases 
WHERE test_cases.question_id IN ($1::UUID)
2026-07-20 15:41:53,036 - sqlalchemy.engine.Engine - INFO - [cached since 4.463s ago] (UUID('2da07f57-31b4-493a-be61-3a8df4e44650'),)
2026-07-20 15:41:53,361 - sqlalchemy.engine.Engine - INFO - SELECT test_cases.question_id AS test_cases_question_id, test_cases.id AS test_cases_id, test_cases.input AS test_cases_input, test_cases.expected_output AS test_cases_expected_output, test_cases.is_hidden AS test_cases_is_hidden, test_cases.is_sample AS test_cases_is_sample, test_cases.execution_order AS test_cases_execution_order 
FROM test_cases 
WHERE test_cases.question_id IN ($1::UUID)
2026-07-20 15:41:53,367 - sqlalchemy.engine.Engine - INFO - [cached since 4.795s ago] (UUID('2da07f57-31b4-493a-be61-3a8df4e44650'),)
2026-07-20 15:41:53,668 - sqlalchemy.engine.Engine - INFO - SELECT code_templates.question_id AS code_templates_question_id, code_templates.id AS code_templates_id, code_templates.language AS code_templates_language, code_templates.template_code AS code_templates_template_code, code_templates.starter_code AS code_templates_starter_code 
FROM code_templates 
WHERE code_templates.question_id IN ($1::UUID)
2026-07-20 15:41:53,673 - sqlalchemy.engine.Engine - INFO - [cached since 4.394s ago] (UUID('2da07f57-31b4-493a-be61-3a8df4e44650'),)
2026-07-20 15:41:53,973 - sqlalchemy.engine.Engine - INFO - SELECT code_templates.question_id AS code_templates_question_id, code_templates.id AS code_templates_id, code_templates.language AS code_templates_language, code_templates.template_code AS code_templates_template_code, code_templates.starter_code AS code_templates_starter_code 
FROM code_templates 
WHERE code_templates.question_id IN ($1::UUID)
2026-07-20 15:41:53,974 - sqlalchemy.engine.Engine - INFO - [cached since 4.696s ago] (UUID('2da07f57-31b4-493a-be61-3a8df4e44650'),)
2026-07-20 15:41:54,622 - uvicorn.access - INFO - 172.18.0.1:37752 - "GET /api/v1/matches/eb17c97c-dd22-44ad-994a-b9eadcdd769a HTTP/1.1" 200
2026-07-20 15:41:54,626 - sqlalchemy.engine.Engine - INFO - ROLLBACK
2026-07-20 15:41:54,777 - uvicorn.access - INFO - 172.18.0.1:37712 - "GET /api/v1/matches/eb17c97c-dd22-44ad-994a-b9eadcdd769a HTTP/1.1" 200
2026-07-20 15:41:54,781 - sqlalchemy.engine.Engine - INFO - ROLLBACK
2026-07-20 15:42:13,856 - uvicorn.access - INFO - 172.18.0.1:39984 - "OPTIONS /api/v1/submissions/run HTTP/1.1" 200
2026-07-20 15:42:15,175 - sqlalchemy.engine.Engine - INFO - BEGIN (implicit)
2026-07-20 15:42:15,180 - sqlalchemy.engine.Engine - INFO - SELECT users.id, users.username, users.email, users.password_hash, users.created_at, users.updated_at, users.elo_rating, users.total_matches, users.wins 
FROM users 
WHERE users.username = $1::VARCHAR
2026-07-20 15:42:15,185 - sqlalchemy.engine.Engine - INFO - [cached since 103.9s ago] ('nikhil singh',)
2026-07-20 15:42:15,741 - sqlalchemy.engine.Engine - INFO - SELECT questions.id, questions.title, questions.slug, questions.description, questions.difficulty, questions.avg_solve_time, questions.acceptance_rate, questions.tags, questions.constraints, questions.examples, questions.created_at 
FROM questions 
WHERE questions.id = $1::UUID
2026-07-20 15:42:15,745 - sqlalchemy.engine.Engine - INFO - [generated in 0.00348s] (UUID('2da07f57-31b4-493a-be61-3a8df4e44650'),)
2026-07-20 15:42:16,391 - sqlalchemy.engine.Engine - INFO - SELECT test_cases.question_id AS test_cases_question_id, test_cases.id AS test_cases_id, test_cases.input AS test_cases_input, test_cases.expected_output AS test_cases_expected_output, test_cases.is_hidden AS test_cases_is_hidden, test_cases.is_sample AS test_cases_is_sample, test_cases.execution_order AS test_cases_execution_order 
FROM test_cases 
WHERE test_cases.question_id IN ($1::UUID)
2026-07-20 15:42:16,393 - sqlalchemy.engine.Engine - INFO - [generated in 0.00213s] (UUID('2da07f57-31b4-493a-be61-3a8df4e44650'),)
2026-07-20 15:42:17,546 - uvicorn.access - INFO - 172.18.0.1:39984 - "POST /api/v1/submissions/run HTTP/1.1" 200
2026-07-20 15:42:17,553 - sqlalchemy.engine.Engine - INFO - ROLLBACK
2026-07-20 15:42:19,310 - uvicorn.access - INFO - 172.18.0.1:39984 - "OPTIONS /api/v1/submissions/submit HTTP/1.1" 200
2026-07-20 15:42:20,556 - sqlalchemy.engine.Engine - INFO - BEGIN (implicit)
2026-07-20 15:42:20,560 - sqlalchemy.engine.Engine - INFO - SELECT users.id, users.username, users.email, users.password_hash, users.created_at, users.updated_at, users.elo_rating, users.total_matches, users.wins 
FROM users 
WHERE users.username = $1::VARCHAR
2026-07-20 15:42:20,562 - sqlalchemy.engine.Engine - INFO - [cached since 109.2s ago] ('nikhil singh',)
2026-07-20 15:42:21,197 - sqlalchemy.engine.Engine - INFO - SELECT questions.id, questions.title, questions.slug, questions.description, questions.difficulty, questions.avg_solve_time, questions.acceptance_rate, questions.tags, questions.constraints, questions.examples, questions.created_at 
FROM questions 
WHERE questions.id = $1::UUID
2026-07-20 15:42:21,205 - sqlalchemy.engine.Engine - INFO - [cached since 5.464s ago] (UUID('2da07f57-31b4-493a-be61-3a8df4e44650'),)
2026-07-20 15:42:21,834 - sqlalchemy.engine.Engine - INFO - SELECT test_cases.question_id AS test_cases_question_id, test_cases.id AS test_cases_id, test_cases.input AS test_cases_input, test_cases.expected_output AS test_cases_expected_output, test_cases.is_hidden AS test_cases_is_hidden, test_cases.is_sample AS test_cases_is_sample, test_cases.execution_order AS test_cases_execution_order 
FROM test_cases 
WHERE test_cases.question_id IN ($1::UUID)
2026-07-20 15:42:21,838 - sqlalchemy.engine.Engine - INFO - [cached since 5.447s ago] (UUID('2da07f57-31b4-493a-be61-3a8df4e44650'),)
2026-07-20 15:42:23,129 - sqlalchemy.engine.Engine - INFO - INSERT INTO submissions (id, match_participant_id, user_id, question_id, code, language, submission_type, status, test_cases_passed, total_test_cases, execution_time, memory_used, error_message) VALUES ($1::UUID, $2::UUID, $3::UUID, $4::UUID, $5::VARCHAR, $6::VARCHAR, $7::VARCHAR, $8::VARCHAR, $9::INTEGER, $10::INTEGER, $11::INTEGER, $12::INTEGER, $13::VARCHAR) RETURNING submissions.created_at
2026-07-20 15:42:23,130 - sqlalchemy.engine.Engine - INFO - [generated in 0.00203s] (UUID('99ee14d9-d9da-44e0-8091-85b0c9e06276'), None, UUID('dad6da15-58f2-4032-a069-ce8a424ded4a'), UUID('2da07f57-31b4-493a-be61-3a8df4e44650'), 'class Solution:\n    def isValid(self, s: str) -> bool:\n        stack = []\n        pairs = {\n            \')\': \'(\',\n            \']\': \'[\',\ ... (147 characters truncated) ...              if not stack or stack[-1] != pairs[ch]:\n                    return False\n                stack.pop()\n\n        return len(stack) == 0', 'python', 'submit', 'accepted', 5, 5, 0, None, None)
2026-07-20 15:42:23,780 - sqlalchemy.engine.Engine - INFO - COMMIT
2026-07-20 15:42:25,108 - sqlalchemy.engine.Engine - INFO - BEGIN (implicit)
2026-07-20 15:42:25,114 - sqlalchemy.engine.Engine - INFO - SELECT submissions.id, submissions.match_participant_id, submissions.user_id, submissions.question_id, submissions.code, submissions.language, submissions.submission_type, submissions.status, submissions.test_cases_passed, submissions.total_test_cases, submissions.execution_time, submissions.memory_used, submissions.error_message, submissions.created_at 
FROM submissions 
WHERE submissions.id = $1::UUID
2026-07-20 15:42:25,116 - sqlalchemy.engine.Engine - INFO - [generated in 0.00249s] (UUID('99ee14d9-d9da-44e0-8091-85b0c9e06276'),)
2026-07-20 15:42:26,033 - sqlalchemy.engine.Engine - INFO - SELECT matches.id, matches.question_id, matches.mode, matches.difficulty, matches.max_time, matches.status, matches.started_at, matches.completed_at, matches.winner_id, matches.created_at 
FROM matches 
WHERE matches.id = $1::UUID
2026-07-20 15:42:26,036 - sqlalchemy.engine.Engine - INFO - [generated in 0.00300s] (UUID('eb17c97c-dd22-44ad-994a-b9eadcdd769a'),)
2026-07-20 15:42:26,342 - sqlalchemy.engine.Engine - INFO - SELECT match_participants.match_id AS match_participants_match_id, match_participants.id AS match_participants_id, match_participants.user_id AS match_participants_user_id, match_participants.joined_at AS match_participants_joined_at, match_participants.completed_at AS match_participants_completed_at, match_participants.result AS match_participants_result, match_participants.solution_code AS match_participants_solution_code, match_participants.language AS match_participants_language, match_participants.execution_time AS match_participants_execution_time, match_participants.memory_used AS match_participants_memory_used, match_participants.test_cases_passed AS match_participants_test_cases_passed, match_participants.total_test_cases AS match_participants_total_test_cases 
FROM match_participants 
WHERE match_participants.match_id IN ($1::UUID)
2026-07-20 15:42:26,346 - sqlalchemy.engine.Engine - INFO - [generated in 0.00481s] (UUID('eb17c97c-dd22-44ad-994a-b9eadcdd769a'),)
2026-07-20 15:42:26,650 - sqlalchemy.engine.Engine - INFO - UPDATE matches SET status=$1::VARCHAR, completed_at=$2::TIMESTAMP WITH TIME ZONE, winner_id=$3::UUID WHERE matches.id = $4::UUID
2026-07-20 15:42:26,653 - sqlalchemy.engine.Engine - INFO - [generated in 0.00311s] ('completed', datetime.datetime(2026, 7, 20, 15, 42, 26, 646591), UUID('dad6da15-58f2-4032-a069-ce8a424ded4a'), UUID('eb17c97c-dd22-44ad-994a-b9eadcdd769a'))
2026-07-20 15:42:27,249 - sqlalchemy.engine.Engine - INFO - UPDATE match_participants SET completed_at=$1::TIMESTAMP WITH TIME ZONE, result=$2::VARCHAR, solution_code=$3::VARCHAR, test_cases_passed=$4::INTEGER, total_test_cases=$5::INTEGER WHERE match_participants.id = $6::UUID
2026-07-20 15:42:27,254 - sqlalchemy.engine.Engine - INFO - [generated in 0.00523s] (datetime.datetime(2026, 7, 20, 15, 42, 26, 646970), 'win', 'class Solution:\n    def isValid(self, s: str) -> bool:\n        stack = []\n        pairs = {\n            \')\': \'(\',\n            \']\': \'[\',\ ... (147 characters truncated) ...              if not stack or stack[-1] != pairs[ch]:\n                    return False\n                stack.pop()\n\n        return len(stack) == 0', 5, 5, UUID('26854905-9ca4-483c-835c-a356b7e46d8c'))
2026-07-20 15:42:27,877 - sqlalchemy.engine.Engine - INFO - UPDATE match_participants SET completed_at=$1::TIMESTAMP WITH TIME ZONE, result=$2::VARCHAR WHERE match_participants.id = $3::UUID
2026-07-20 15:42:27,880 - sqlalchemy.engine.Engine - INFO - [generated in 0.00323s] (datetime.datetime(2026, 7, 20, 15, 42, 26, 646893), 'lose', UUID('c0e157e0-04cc-4399-a1dc-915df44514b3'))
2026-07-20 15:42:28,463 - sqlalchemy.engine.Engine - INFO - COMMIT
2026-07-20 15:42:28,797 - uvicorn.access - INFO - 172.18.0.1:39988 - "POST /api/v1/submissions/submit HTTP/1.1" 200
2026-07-20 15:42:33,884 - app.services.websocket_manager - INFO - User dad6da15-58f2-4032-a069-ce8a424ded4a disconnected
2026-07-20 15:42:33,888 - uvicorn.error - INFO - connection closed
2026-07-20 15:42:34,200 - app.services.websocket_manager - INFO - User 3665d6b6-46d5-42f0-b93c-735035303e75 disconnected
2026-07-20 15:42:34,203 - uvicorn.error - INFO - connection closed
2026-07-20 15:42:34,833 - sqlalchemy.engine.Engine - INFO - BEGIN (implicit)
2026-07-20 15:42:34,840 - sqlalchemy.engine.Engine - INFO - SELECT matches.id, matches.question_id, matches.mode, matches.difficulty, matches.max_time, matches.status, matches.started_at, matches.completed_at, matches.winner_id, matches.created_at 
FROM matches 
WHERE matches.id = $1::UUID
2026-07-20 15:42:34,843 - sqlalchemy.engine.Engine - INFO - [cached since 8.814s ago] (UUID('eb17c97c-dd22-44ad-994a-b9eadcdd769a'),)
2026-07-20 15:42:35,244 - sqlalchemy.engine.Engine - INFO - BEGIN (implicit)
2026-07-20 15:42:35,248 - sqlalchemy.engine.Engine - INFO - SELECT users.id, users.username, users.email, users.password_hash, users.created_at, users.updated_at, users.elo_rating, users.total_matches, users.wins 
FROM users 
WHERE users.username = $1::VARCHAR
2026-07-20 15:42:35,251 - sqlalchemy.engine.Engine - INFO - [cached since 123.9s ago] ('nikhil singh',)
2026-07-20 15:42:35,255 - sqlalchemy.engine.Engine - INFO - BEGIN (implicit)
2026-07-20 15:42:35,258 - sqlalchemy.engine.Engine - INFO - SELECT matches.id, matches.question_id, matches.mode, matches.difficulty, matches.max_time, matches.status, matches.started_at, matches.completed_at, matches.winner_id, matches.created_at 
FROM matches 
WHERE matches.id = $1::UUID
2026-07-20 15:42:35,260 - sqlalchemy.engine.Engine - INFO - [cached since 9.23s ago] (UUID('eb17c97c-dd22-44ad-994a-b9eadcdd769a'),)
2026-07-20 15:42:35,660 - sqlalchemy.engine.Engine - INFO - SELECT match_participants.match_id AS match_participants_match_id, match_participants.id AS match_participants_id, match_participants.user_id AS match_participants_user_id, match_participants.joined_at AS match_participants_joined_at, match_participants.completed_at AS match_participants_completed_at, match_participants.result AS match_participants_result, match_participants.solution_code AS match_participants_solution_code, match_participants.language AS match_participants_language, match_participants.execution_time AS match_participants_execution_time, match_participants.memory_used AS match_participants_memory_used, match_participants.test_cases_passed AS match_participants_test_cases_passed, match_participants.total_test_cases AS match_participants_total_test_cases 
FROM match_participants 
WHERE match_participants.match_id IN ($1::UUID)
2026-07-20 15:42:35,665 - sqlalchemy.engine.Engine - INFO - [cached since 9.327s ago] (UUID('eb17c97c-dd22-44ad-994a-b9eadcdd769a'),)
2026-07-20 15:42:35,668 - sqlalchemy.engine.Engine - INFO - BEGIN (implicit)
2026-07-20 15:42:35,669 - sqlalchemy.engine.Engine - INFO - SELECT users.id, users.username, users.email, users.password_hash, users.created_at, users.updated_at, users.elo_rating, users.total_matches, users.wins 
FROM users 
WHERE users.username = $1::VARCHAR
2026-07-20 15:42:35,672 - sqlalchemy.engine.Engine - INFO - [cached since 124.3s ago] ('neha singh',)
2026-07-20 15:42:35,965 - sqlalchemy.engine.Engine - INFO - SELECT match_participants.match_id AS match_participants_match_id, match_participants.id AS match_participants_id, match_participants.user_id AS match_participants_user_id, match_participants.joined_at AS match_participants_joined_at, match_participants.completed_at AS match_participants_completed_at, match_participants.result AS match_participants_result, match_participants.solution_code AS match_participants_solution_code, match_participants.language AS match_participants_language, match_participants.execution_time AS match_participants_execution_time, match_participants.memory_used AS match_participants_memory_used, match_participants.test_cases_passed AS match_participants_test_cases_passed, match_participants.total_test_cases AS match_participants_total_test_cases 
FROM match_participants 
WHERE match_participants.match_id IN ($1::UUID)
2026-07-20 15:42:35,969 - sqlalchemy.engine.Engine - INFO - [cached since 9.631s ago] (UUID('eb17c97c-dd22-44ad-994a-b9eadcdd769a'),)
2026-07-20 15:42:35,973 - sqlalchemy.engine.Engine - INFO - ROLLBACK
2026-07-20 15:42:35,976 - uvicorn.access - INFO - 172.18.0.1:48280 - "GET /api/v1/auth/me HTTP/1.1" 200
2026-07-20 15:42:35,978 - sqlalchemy.engine.Engine - INFO - ROLLBACK
2026-07-20 15:42:36,268 - uvicorn.access - INFO - 172.18.0.1:48296 - "GET /api/v1/auth/me HTTP/1.1" 200
2026-07-20 15:42:36,272 - sqlalchemy.engine.Engine - INFO - ROLLBACK
2026-07-20 15:42:36,278 - sqlalchemy.engine.Engine - INFO - ROLLBACK
2026-07-20 15:42:36,281 - sqlalchemy.engine.Engine - INFO - ROLLBACK
